[debug] [2022-08-08T07:54:51.605Z] ----------------------------------------------------------------------
[debug] [2022-08-08T07:54:51.615Z] Command:       C:\Program Files\nodejs\node.exe C:\Users\AMIR\AppData\Roaming\npm\node_modules\firebase-tools\lib\bin\firebase.js emulators:start
[debug] [2022-08-08T07:54:51.617Z] CLI Version:   11.4.0
[debug] [2022-08-08T07:54:51.618Z] Platform:      win32
[debug] [2022-08-08T07:54:51.618Z] Node Version:  v16.15.1
[debug] [2022-08-08T07:54:51.636Z] Time:          Mon Aug 08 2022 12:54:51 GMT+0500 (Pakistan Standard Time)
[debug] [2022-08-08T07:54:51.636Z] ----------------------------------------------------------------------
[debug] 
[debug] [2022-08-08T07:54:51.936Z] > command requires scopes: ["email","openid","https://www.googleapis.com/auth/cloudplatformprojects.readonly","https://www.googleapis.com/auth/firebase","https://www.googleapis.com/auth/cloud-platform"]
[debug] [2022-08-08T07:54:51.937Z] > authorizing via signed-in user (hamza33851@gmail.com)
[info] i  emulators: Starting emulators: functions, hosting {"metadata":{"emulator":{"name":"hub"},"message":"Starting emulators: functions, hosting"}}
[debug] [2022-08-08T07:54:52.303Z] [hub] writing locator at C:\Users\AMIR\AppData\Local\Temp\hub-fir-fd01e.json
[warn] !  functions: The following emulators are not running, calls to these services from the Functions emulator will affect production: auth, firestore, database, pubsub, storage {"metadata":{"emulator":{"name":"functions"},"message":"The following emulators are not running, calls to these services from the Functions emulator will affect production: \u001b[1mauth, firestore, database, pubsub, storage\u001b[22m"}}
[info] +  functions: Using node@16 from host. {"metadata":{"emulator":{"name":"functions"},"message":"Using node@16 from host."}}
[debug] [2022-08-08T07:54:53.076Z] defaultcredentials: writing to file C:\Users\AMIR\AppData\Roaming\firebase\hamza33851_gmail_com_application_default_credentials.json
[debug] [2022-08-08T07:54:53.079Z] Setting GAC to C:\Users\AMIR\AppData\Roaming\firebase\hamza33851_gmail_com_application_default_credentials.json {"metadata":{"emulator":{"name":"functions"},"message":"Setting GAC to C:\\Users\\AMIR\\AppData\\Roaming\\firebase\\hamza33851_gmail_com_application_default_credentials.json"}}
[debug] [2022-08-08T07:54:53.087Z] > refreshing access token with scopes: []
[debug] [2022-08-08T07:54:53.096Z] >>> [apiv2][query] POST https://www.googleapis.com/oauth2/v3/token [none]
[debug] [2022-08-08T07:54:53.097Z] >>> [apiv2][body] POST https://www.googleapis.com/oauth2/v3/token [omitted]
[debug] [2022-08-08T07:54:55.137Z] <<< [apiv2][status] POST https://www.googleapis.com/oauth2/v3/token 200
[debug] [2022-08-08T07:54:55.137Z] <<< [apiv2][body] POST https://www.googleapis.com/oauth2/v3/token [omitted]
[debug] [2022-08-08T07:54:55.163Z] >>> [apiv2][query] GET https://firebase.googleapis.com/v1beta1/projects/fir-fd01e/adminSdkConfig [none]
[debug] [2022-08-08T07:54:56.262Z] <<< [apiv2][status] GET https://firebase.googleapis.com/v1beta1/projects/fir-fd01e/adminSdkConfig 200
[debug] [2022-08-08T07:54:56.263Z] <<< [apiv2][body] GET https://firebase.googleapis.com/v1beta1/projects/fir-fd01e/adminSdkConfig {"projectId":"fir-fd01e","storageBucket":"fir-fd01e.appspot.com"}
[debug] [2022-08-08T07:54:56.306Z] >>> [apiv2][query] GET https://firebasehosting.googleapis.com/v1beta1/projects/fir-fd01e/sites 
[debug] [2022-08-08T07:55:00.222Z] <<< [apiv2][status] GET https://firebasehosting.googleapis.com/v1beta1/projects/fir-fd01e/sites 200
[debug] [2022-08-08T07:55:00.223Z] <<< [apiv2][body] GET https://firebasehosting.googleapis.com/v1beta1/projects/fir-fd01e/sites {"sites":[{"name":"projects/fir-fd01e/sites/fir-fd01e","defaultUrl":"https://fir-fd01e.web.app","type":"DEFAULT_SITE"}]}
[debug] [2022-08-08T07:55:00.223Z] >>> [apiv2][query] GET https://firebase.googleapis.com/v1beta1/projects/fir-fd01e/webApps/-/config [none]
[debug] [2022-08-08T07:55:02.249Z] <<< [apiv2][status] GET https://firebase.googleapis.com/v1beta1/projects/fir-fd01e/webApps/-/config 200
[debug] [2022-08-08T07:55:02.249Z] <<< [apiv2][body] GET https://firebase.googleapis.com/v1beta1/projects/fir-fd01e/webApps/-/config {"projectId":"fir-fd01e","appId":"1:17851199609:web:f0fc879fea30729ba1e4a8","storageBucket":"fir-fd01e.appspot.com","apiKey":"AIzaSyCS4M630XIT4IQyDMjGA6DQKCVpeIL0-es","authDomain":"fir-fd01e.firebaseapp.com","messagingSenderId":"17851199609"}
[info] i  hosting: Serving hosting files from: build {"metadata":{"emulator":{"name":"hosting"},"message":"Serving hosting files from: \u001b[1mbuild\u001b[22m"}}
[info] +  hosting: Local server: http://localhost:5000 {"metadata":{"emulator":{"name":"hosting"},"message":"Local server: \u001b[4m\u001b[1mhttp://localhost:5000\u001b[22m\u001b[24m"}}
[info] i  ui: downloading ui-v1.8.1.zip... {"metadata":{"emulator":{"name":"ui"},"message":"downloading ui-v1.8.1.zip..."}}
[debug] [2022-08-08T07:55:02.417Z] >>> [apiv2][query] GET https://storage.googleapis.com/firebase-preview-drop/emulator/ui-v1.8.1.zip 
[debug] [2022-08-08T07:55:04.574Z] <<< [apiv2][status] GET https://storage.googleapis.com/firebase-preview-drop/emulator/ui-v1.8.1.zip 200
[debug] [2022-08-08T07:55:04.574Z] <<< [apiv2][body] GET https://storage.googleapis.com/firebase-preview-drop/emulator/ui-v1.8.1.zip [stream]
[debug] [2022-08-08T07:55:36.255Z] Ignoring unsupported arg: auto_download {"metadata":{"emulator":{"name":"ui"},"message":"Ignoring unsupported arg: auto_download"}}
[debug] [2022-08-08T07:55:36.256Z] Ignoring unsupported arg: port {"metadata":{"emulator":{"name":"ui"},"message":"Ignoring unsupported arg: port"}}
[debug] [2022-08-08T07:55:36.257Z] Starting Emulator UI with command {"binary":"node","args":["C:\\Users\\AMIR\\.cache\\firebase\\emulators\\ui-v1.8.1\\server\\server.js"],"optionalArgs":[],"joinArgs":false} {"metadata":{"emulator":{"name":"ui"},"message":"Starting Emulator UI with command {\"binary\":\"node\",\"args\":[\"C:\\\\Users\\\\AMIR\\\\.cache\\\\firebase\\\\emulators\\\\ui-v1.8.1\\\\server\\\\server.js\"],\"optionalArgs\":[],\"joinArgs\":false}"}}
[info] i  ui: Emulator UI logging to ui-debug.log {"metadata":{"emulator":{"name":"ui"},"message":"Emulator UI logging to \u001b[1mui-debug.log\u001b[22m"}}
[debug] [2022-08-08T07:55:36.685Z] Web / API server started at localhost:4000
 {"metadata":{"emulator":{"name":"ui"},"message":"Web / API server started at localhost:4000\n"}}
[info] i  functions: Watching "C:\Users\AMIR\Desktop\clone\amazon-challenge\functions" for Cloud Functions... {"metadata":{"emulator":{"name":"functions"},"message":"Watching \"C:\\Users\\AMIR\\Desktop\\clone\\amazon-challenge\\functions\" for Cloud Functions..."}}
[debug] [2022-08-08T07:55:36.818Z] Validating nodejs source
[debug] [2022-08-08T07:55:48.299Z] > [functions] package.json contents: {
  "name": "functions",
  "description": "Cloud Functions for Firebase",
  "scripts": {
    "lint": "eslint .",
    "serve": "firebase emulators:start --only functions",
    "shell": "firebase functions:shell",
    "start": "npm run shell",
    "deploy": "firebase deploy --only functions",
    "logs": "firebase functions:log"
  },
  "engines": {
    "node": "16"
  },
  "main": "index.js",
  "dependencies": {
    "cors": "^2.8.5",
    "express": "^4.18.1",
    "firebase-admin": "^10.0.2",
    "firebase-functions": "^3.18.0",
    "stripe": "^10.0.0"
  },
  "devDependencies": {
    "eslint": "^8.9.0",
    "eslint-config-google": "^0.14.0",
    "firebase-functions-test": "^0.2.0"
  },
  "private": true
}
[debug] [2022-08-08T07:55:48.300Z] Building nodejs source
[debug] [2022-08-08T07:55:48.300Z] Analyzing nodejs backend spec
[debug] [2022-08-08T07:55:48.303Z] Could not find functions.yaml. Must use http discovery
[debug] [2022-08-08T07:55:49.662Z] Serving at port 9005

[debug] [2022-08-08T07:55:50.346Z] Got response from /__/functions.yaml {"endpoints":{"api":{"platform":"gcfv1","httpsTrigger":{},"entryPoint":"api"}},"specVersion":"v1alpha1","requiredAPIs":[]}
[debug] [2022-08-08T07:55:50.387Z] shutdown requested via /__/quitquitquit

[info] +  functions[us-central1-api]: http function initialized (http://localhost:5001/fir-fd01e/us-central1/api). {"metadata":{"emulator":{"name":"functions"},"message":"\u001b[1mhttp\u001b[22m function initialized (http://localhost:5001/fir-fd01e/us-central1/api)."}}
[info] 
┌─────────────────────────────────────────────────────────────┐
│ ✔  All emulators ready! It is now safe to connect your app. │
│ i  View Emulator UI at http://localhost:4000                │
└─────────────────────────────────────────────────────────────┘

┌───────────┬────────────────┬─────────────────────────────────┐
│ Emulator  │ Host:Port      │ View in Emulator UI             │
├───────────┼────────────────┼─────────────────────────────────┤
│ Functions │ localhost:5001 │ http://localhost:4000/functions │
├───────────┼────────────────┼─────────────────────────────────┤
│ Hosting   │ localhost:5000 │ n/a                             │
└───────────┴────────────────┴─────────────────────────────────┘
  Emulator Hub running at localhost:4400
  Other reserved ports: 4500

Issues? Report them at https://github.com/firebase/firebase-tools/issues and attach the *-debug.log files.
 
[debug] [2022-08-08T07:58:10.577Z] File C:\Users\AMIR\Desktop\clone\amazon-challenge\functions\index.js changed, reloading triggers {"metadata":{"emulator":{"name":"functions"},"message":"File C:\\Users\\AMIR\\Desktop\\clone\\amazon-challenge\\functions\\index.js changed, reloading triggers"}}
[debug] [2022-08-08T07:58:11.590Z] Validating nodejs source
[debug] [2022-08-08T07:58:23.055Z] > [functions] package.json contents: {
  "name": "functions",
  "description": "Cloud Functions for Firebase",
  "scripts": {
    "lint": "eslint .",
    "serve": "firebase emulators:start --only functions",
    "shell": "firebase functions:shell",
    "start": "npm run shell",
    "deploy": "firebase deploy --only functions",
    "logs": "firebase functions:log"
  },
  "engines": {
    "node": "16"
  },
  "main": "index.js",
  "dependencies": {
    "cors": "^2.8.5",
    "express": "^4.18.1",
    "firebase-admin": "^10.0.2",
    "firebase-functions": "^3.18.0",
    "stripe": "^10.0.0"
  },
  "devDependencies": {
    "eslint": "^8.9.0",
    "eslint-config-google": "^0.14.0",
    "firebase-functions-test": "^0.2.0"
  },
  "private": true
}
[debug] [2022-08-08T07:58:23.056Z] Building nodejs source
[debug] [2022-08-08T07:58:23.056Z] Analyzing nodejs backend spec
[debug] [2022-08-08T07:58:23.065Z] [work-queue] {"queueLength":1,"workRunningCount":0}
[debug] [2022-08-08T07:58:23.066Z] [work-queue] {"queueLength":0,"workRunningCount":1}
[debug] [2022-08-08T07:58:23.067Z] Accepted request GET /fir-fd01e/us-central1/api --> us-central1-api
[debug] [2022-08-08T07:58:23.091Z] [worker-pool] addWorker(us-central1-api) {"metadata":{"emulator":{"name":"functions"},"message":"[worker-pool] addWorker(us-central1-api)"}}
[debug] [2022-08-08T07:58:23.093Z] [worker-pool] Adding worker with key us-central1-api, total=1 {"metadata":{"emulator":{"name":"functions"},"message":"[worker-pool] Adding worker with key us-central1-api, total=1"}}
[debug] [2022-08-08T07:58:23.093Z] [worker-pool] submitWork(triggerId=us-central1-api) {"metadata":{"emulator":{"name":"functions"},"message":"[worker-pool] submitWork(triggerId=us-central1-api)"}}
[debug] [2022-08-08T07:58:23.094Z] [worker-us-central1-api-b03fc7c2-d1c8-406c-a32e-e4402945c379]: BUSY {"metadata":{"emulator":{"name":"functions"},"message":"[worker-us-central1-api-b03fc7c2-d1c8-406c-a32e-e4402945c379]: BUSY"}}
[debug] [2022-08-08T07:58:23.099Z] Could not find functions.yaml. Must use http discovery
[debug] [2022-08-08T07:58:24.186Z] Serving at port 9005

[debug] [2022-08-08T07:58:25.278Z] Got response from /__/functions.yaml {"endpoints":{"api":{"platform":"gcfv1","httpsTrigger":{},"entryPoint":"api"}},"specVersion":"v1alpha1","requiredAPIs":[]}
[debug] [2022-08-08T07:58:25.327Z] shutdown requested via /__/quitquitquit

[debug] [2022-08-08T07:58:30.052Z] [runtime-status] [5800] Resolved module firebase-admin {"declared":true,"installed":true,"version":"10.3.0","resolution":"C:\\Users\\AMIR\\Desktop\\clone\\amazon-challenge\\functions\\node_modules\\firebase-admin\\lib\\index.js"} {"metadata":{"emulator":{"name":"functions"},"function":{"name":"us-central1-api"},"extension":{},"message":"[runtime-status] [5800] Resolved module firebase-admin {\"declared\":true,\"installed\":true,\"version\":\"10.3.0\",\"resolution\":\"C:\\\\Users\\\\AMIR\\\\Desktop\\\\clone\\\\amazon-challenge\\\\functions\\\\node_modules\\\\firebase-admin\\\\lib\\\\index.js\"}"}}
[debug] [2022-08-08T07:58:30.064Z] [runtime-status] [5800] Resolved module firebase-functions {"declared":true,"installed":true,"version":"3.22.0","resolution":"C:\\Users\\AMIR\\Desktop\\clone\\amazon-challenge\\functions\\node_modules\\firebase-functions\\lib\\index.js"} {"metadata":{"emulator":{"name":"functions"},"function":{"name":"us-central1-api"},"extension":{},"message":"[runtime-status] [5800] Resolved module firebase-functions {\"declared\":true,\"installed\":true,\"version\":\"3.22.0\",\"resolution\":\"C:\\\\Users\\\\AMIR\\\\Desktop\\\\clone\\\\amazon-challenge\\\\functions\\\\node_modules\\\\firebase-functions\\\\lib\\\\index.js\"}"}}
[debug] [2022-08-08T07:58:30.068Z] [runtime-status] [5800] Outgoing network have been stubbed. [{"name":"http","status":"mocked"},{"name":"http","status":"mocked"},{"name":"https","status":"mocked"},{"name":"https","status":"mocked"},{"name":"net","status":"mocked"}] {"metadata":{"emulator":{"name":"functions"},"function":{"name":"us-central1-api"},"extension":{},"message":"[runtime-status] [5800] Outgoing network have been stubbed. [{\"name\":\"http\",\"status\":\"mocked\"},{\"name\":\"http\",\"status\":\"mocked\"},{\"name\":\"https\",\"status\":\"mocked\"},{\"name\":\"https\",\"status\":\"mocked\"},{\"name\":\"net\",\"status\":\"mocked\"}]"}}
[debug] [2022-08-08T07:58:30.072Z] [runtime-status] [5800] Resolved module firebase-functions {"declared":true,"installed":true,"version":"3.22.0","resolution":"C:\\Users\\AMIR\\Desktop\\clone\\amazon-challenge\\functions\\node_modules\\firebase-functions\\lib\\index.js"} {"metadata":{"emulator":{"name":"functions"},"function":{"name":"us-central1-api"},"extension":{},"message":"[runtime-status] [5800] Resolved module firebase-functions {\"declared\":true,\"installed\":true,\"version\":\"3.22.0\",\"resolution\":\"C:\\\\Users\\\\AMIR\\\\Desktop\\\\clone\\\\amazon-challenge\\\\functions\\\\node_modules\\\\firebase-functions\\\\lib\\\\index.js\"}"}}
[debug] FirebaseError: Failed to load function.
    at Timeout._onTimeout (C:\Users\AMIR\AppData\Roaming\npm\node_modules\firebase-tools\lib\emulator\functionsRuntimeWorker.js:104:24)
    at listOnTimeout (node:internal/timers:559:17)
    at processTimers (node:internal/timers:502:7) {"metadata":{"emulator":{"name":"functions"},"message":{"name":"FirebaseError","children":[],"exit":1,"message":"Failed to load function.","status":500}}}
[debug] [2022-08-08T07:58:30.150Z] [work-queue] {"queueLength":0,"workRunningCount":0}
[debug] [2022-08-08T07:58:30.294Z] [runtime-status] [5800] Checked functions.config() {"config":{}} {"metadata":{"emulator":{"name":"functions"},"function":{"name":"us-central1-api"},"extension":{},"message":"[runtime-status] [5800] Checked functions.config() {\"config\":{}}"}}
[debug] [2022-08-08T07:58:30.295Z] [runtime-status] [5800] firebase-functions has been stubbed. {"functionsResolution":{"declared":true,"installed":true,"version":"3.22.0","resolution":"C:\\Users\\AMIR\\Desktop\\clone\\amazon-challenge\\functions\\node_modules\\firebase-functions\\lib\\index.js"}} {"metadata":{"emulator":{"name":"functions"},"function":{"name":"us-central1-api"},"extension":{},"message":"[runtime-status] [5800] firebase-functions has been stubbed. {\"functionsResolution\":{\"declared\":true,\"installed\":true,\"version\":\"3.22.0\",\"resolution\":\"C:\\\\Users\\\\AMIR\\\\Desktop\\\\clone\\\\amazon-challenge\\\\functions\\\\node_modules\\\\firebase-functions\\\\lib\\\\index.js\"}}"}}
[debug] [2022-08-08T07:58:30.299Z] [runtime-status] [5800] Resolved module firebase-functions {"declared":true,"installed":true,"version":"3.22.0","resolution":"C:\\Users\\AMIR\\Desktop\\clone\\amazon-challenge\\functions\\node_modules\\firebase-functions\\lib\\index.js"} {"metadata":{"emulator":{"name":"functions"},"function":{"name":"us-central1-api"},"extension":{},"message":"[runtime-status] [5800] Resolved module firebase-functions {\"declared\":true,\"installed\":true,\"version\":\"3.22.0\",\"resolution\":\"C:\\\\Users\\\\AMIR\\\\Desktop\\\\clone\\\\amazon-challenge\\\\functions\\\\node_modules\\\\firebase-functions\\\\lib\\\\index.js\"}"}}
[debug] [2022-08-08T07:58:30.304Z] [runtime-status] [5800] Resolved module firebase-admin {"declared":true,"installed":true,"version":"10.3.0","resolution":"C:\\Users\\AMIR\\Desktop\\clone\\amazon-challenge\\functions\\node_modules\\firebase-admin\\lib\\index.js"} {"metadata":{"emulator":{"name":"functions"},"function":{"name":"us-central1-api"},"extension":{},"message":"[runtime-status] [5800] Resolved module firebase-admin {\"declared\":true,\"installed\":true,\"version\":\"10.3.0\",\"resolution\":\"C:\\\\Users\\\\AMIR\\\\Desktop\\\\clone\\\\amazon-challenge\\\\functions\\\\node_modules\\\\firebase-admin\\\\lib\\\\index.js\"}"}}
[debug] [2022-08-08T07:58:30.308Z] [runtime-status] [5800] Resolved module firebase-functions {"declared":true,"installed":true,"version":"3.22.0","resolution":"C:\\Users\\AMIR\\Desktop\\clone\\amazon-challenge\\functions\\node_modules\\firebase-functions\\lib\\index.js"} {"metadata":{"emulator":{"name":"functions"},"function":{"name":"us-central1-api"},"extension":{},"message":"[runtime-status] [5800] Resolved module firebase-functions {\"declared\":true,\"installed\":true,\"version\":\"3.22.0\",\"resolution\":\"C:\\\\Users\\\\AMIR\\\\Desktop\\\\clone\\\\amazon-challenge\\\\functions\\\\node_modules\\\\firebase-functions\\\\lib\\\\index.js\"}"}}
[debug] [2022-08-08T07:58:30.310Z] [runtime-status] [5800] firebase-admin has been stubbed. {"adminResolution":{"declared":true,"installed":true,"version":"10.3.0","resolution":"C:\\Users\\AMIR\\Desktop\\clone\\amazon-challenge\\functions\\node_modules\\firebase-admin\\lib\\index.js"}} {"metadata":{"emulator":{"name":"functions"},"function":{"name":"us-central1-api"},"extension":{},"message":"[runtime-status] [5800] firebase-admin has been stubbed. {\"adminResolution\":{\"declared\":true,\"installed\":true,\"version\":\"10.3.0\",\"resolution\":\"C:\\\\Users\\\\AMIR\\\\Desktop\\\\clone\\\\amazon-challenge\\\\functions\\\\node_modules\\\\firebase-admin\\\\lib\\\\index.js\"}}"}}
[debug] [2022-08-08T07:58:30.310Z] [runtime-status] [5800] Functions runtime initialized. {"cwd":"C:\\Users\\AMIR\\Desktop\\clone\\amazon-challenge\\functions","node_version":"16.15.1"} {"metadata":{"emulator":{"name":"functions"},"function":{"name":"us-central1-api"},"extension":{},"message":"[runtime-status] [5800] Functions runtime initialized. {\"cwd\":\"C:\\\\Users\\\\AMIR\\\\Desktop\\\\clone\\\\amazon-challenge\\\\functions\",\"node_version\":\"16.15.1\"}"}}
[debug] [2022-08-08T07:58:31.031Z] [runtime-status] [5800] Beginning invocation function api! {"metadata":{"emulator":{"name":"functions"},"function":{"name":"us-central1-api"},"extension":{},"message":"[runtime-status] [5800] Beginning invocation function api!"}}
[info] i  functions: Beginning execution of "api" {"metadata":{"emulator":{"name":"functions"},"function":{"name":"us-central1-api"},"extension":{},"message":"Beginning execution of \"api\""}}
[debug] [2022-08-08T07:58:31.035Z] [runtime-status] [5800] Running api in signature http {"metadata":{"emulator":{"name":"functions"},"function":{"name":"us-central1-api"},"extension":{},"message":"[runtime-status] [5800] Running api in signature http"}}
[debug] [2022-08-08T07:58:31.057Z] [runtime-status] [5800] Listening to port: \\?\pipe\fire_emu_1760111dea50317b {"metadata":{"emulator":{"name":"functions"},"function":{"name":"us-central1-api"},"extension":{},"message":"[runtime-status] [5800] Listening to port: \\\\?\\pipe\\fire_emu_1760111dea50317b"}}
[warn] !  functions: Your function timed out after ~60s. To configure this timeout, see
      https://firebase.google.com/docs/functions/manage-functions#set_timeout_and_memory_allocation. {"metadata":{"emulator":{"name":"functions"},"function":{"name":"us-central1-api"},"extension":{},"message":"Your function timed out after ~60s. To configure this timeout, see\n      https://firebase.google.com/docs/functions/manage-functions#set_timeout_and_memory_allocation."}}
[info] >  C:\Users\AMIR\AppData\Roaming\npm\node_modules\firebase-tools\lib\emulator\functionsEmulatorRuntime.js:635 {"user":"C:\\Users\\AMIR\\AppData\\Roaming\\npm\\node_modules\\firebase-tools\\lib\\emulator\\functionsEmulatorRuntime.js:635\r","metadata":{"emulator":{"name":"functions"},"function":{"name":"us-central1-api"},"extension":{},"message":"\u001b[90m> \u001b[39m C:\\Users\\AMIR\\AppData\\Roaming\\npm\\node_modules\\firebase-tools\\lib\\emulator\\functionsEmulatorRuntime.js:635\r"}}
[info] >              throw new Error("Function timed out."); {"user":"            throw new Error(\"Function timed out.\");\r","metadata":{"emulator":{"name":"functions"},"function":{"name":"us-central1-api"},"extension":{},"message":"\u001b[90m> \u001b[39m             throw new Error(\"Function timed out.\");\r"}}
[info] >              ^ {"user":"            ^\r","metadata":{"emulator":{"name":"functions"},"function":{"name":"us-central1-api"},"extension":{},"message":"\u001b[90m> \u001b[39m             ^\r"}}
[info] >   {"user":"\r","metadata":{"emulator":{"name":"functions"},"function":{"name":"us-central1-api"},"extension":{},"message":"\u001b[90m> \u001b[39m \r"}}
[info] >  Error: Function timed out. {"user":"Error: Function timed out.\r","metadata":{"emulator":{"name":"functions"},"function":{"name":"us-central1-api"},"extension":{},"message":"\u001b[90m> \u001b[39m Error: Function timed out.\r"}}
[info] >      at Timeout._onTimeout (C:\Users\AMIR\AppData\Roaming\npm\node_modules\firebase-tools\lib\emulator\functionsEmulatorRuntime.js:635:19) {"user":"    at Timeout._onTimeout (C:\\Users\\AMIR\\AppData\\Roaming\\npm\\node_modules\\firebase-tools\\lib\\emulator\\functionsEmulatorRuntime.js:635:19)\r","metadata":{"emulator":{"name":"functions"},"function":{"name":"us-central1-api"},"extension":{},"message":"\u001b[90m> \u001b[39m     at Timeout._onTimeout (C:\\Users\\AMIR\\AppData\\Roaming\\npm\\node_modules\\firebase-tools\\lib\\emulator\\functionsEmulatorRuntime.js:635:19)\r"}}
[info] >      at listOnTimeout (node:internal/timers:559:17) {"user":"    at listOnTimeout (node:internal/timers:559:17)\r","metadata":{"emulator":{"name":"functions"},"function":{"name":"us-central1-api"},"extension":{},"message":"\u001b[90m> \u001b[39m     at listOnTimeout (node:internal/timers:559:17)\r"}}
[info] >      at processTimers (node:internal/timers:502:7) {"user":"    at processTimers (node:internal/timers:502:7)\r","metadata":{"emulator":{"name":"functions"},"function":{"name":"us-central1-api"},"extension":{},"message":"\u001b[90m> \u001b[39m     at processTimers (node:internal/timers:502:7)\r"}}
[debug] [2022-08-08T07:59:31.111Z] [worker-us-central1-api-b03fc7c2-d1c8-406c-a32e-e4402945c379]: exited {"metadata":{"emulator":{"name":"functions"},"message":"[worker-us-central1-api-b03fc7c2-d1c8-406c-a32e-e4402945c379]: exited"}}
[debug] [2022-08-08T07:59:31.112Z] [worker-us-central1-api-b03fc7c2-d1c8-406c-a32e-e4402945c379]: FINISHED {"metadata":{"emulator":{"name":"functions"},"message":"[worker-us-central1-api-b03fc7c2-d1c8-406c-a32e-e4402945c379]: FINISHED"}}
[debug] [2022-08-08T08:00:16.386Z] [work-queue] {"queueLength":1,"workRunningCount":0}
[debug] [2022-08-08T08:00:16.387Z] [work-queue] {"queueLength":0,"workRunningCount":1}
[debug] [2022-08-08T08:00:16.387Z] Accepted request GET /fir-fd01e/us-central1/api --> us-central1-api
[debug] [2022-08-08T08:00:16.388Z] [worker-pool] Cleaned up workers for us-central1-api: 1 --> 0 {"metadata":{"emulator":{"name":"functions"},"message":"[worker-pool] Cleaned up workers for us-central1-api: 1 --> 0"}}
[debug] [2022-08-08T08:00:16.407Z] [worker-pool] addWorker(us-central1-api) {"metadata":{"emulator":{"name":"functions"},"message":"[worker-pool] addWorker(us-central1-api)"}}
[debug] [2022-08-08T08:00:16.408Z] [worker-pool] Adding worker with key us-central1-api, total=1 {"metadata":{"emulator":{"name":"functions"},"message":"[worker-pool] Adding worker with key us-central1-api, total=1"}}
[debug] [2022-08-08T08:00:16.408Z] [worker-pool] submitWork(triggerId=us-central1-api) {"metadata":{"emulator":{"name":"functions"},"message":"[worker-pool] submitWork(triggerId=us-central1-api)"}}
[debug] [2022-08-08T08:00:16.408Z] [worker-us-central1-api-8777818b-0926-4a5f-9d9b-911e1aeab207]: BUSY {"metadata":{"emulator":{"name":"functions"},"message":"[worker-us-central1-api-8777818b-0926-4a5f-9d9b-911e1aeab207]: BUSY"}}
[debug] FirebaseError: Failed to load function.
    at Timeout._onTimeout (C:\Users\AMIR\AppData\Roaming\npm\node_modules\firebase-tools\lib\emulator\functionsRuntimeWorker.js:104:24)
    at listOnTimeout (node:internal/timers:559:17)
    at processTimers (node:internal/timers:502:7) {"metadata":{"emulator":{"name":"functions"},"message":{"name":"FirebaseError","children":[],"exit":1,"message":"Failed to load function.","status":500}}}
[debug] [2022-08-08T08:00:23.480Z] [work-queue] {"queueLength":0,"workRunningCount":0}
[debug] [2022-08-08T08:00:26.326Z] [runtime-status] [15104] Resolved module firebase-admin {"declared":true,"installed":true,"version":"10.3.0","resolution":"C:\\Users\\AMIR\\Desktop\\clone\\amazon-challenge\\functions\\node_modules\\firebase-admin\\lib\\index.js"} {"metadata":{"emulator":{"name":"functions"},"function":{"name":"us-central1-api"},"extension":{},"message":"[runtime-status] [15104] Resolved module firebase-admin {\"declared\":true,\"installed\":true,\"version\":\"10.3.0\",\"resolution\":\"C:\\\\Users\\\\AMIR\\\\Desktop\\\\clone\\\\amazon-challenge\\\\functions\\\\node_modules\\\\firebase-admin\\\\lib\\\\index.js\"}"}}
[debug] [2022-08-08T08:00:26.343Z] [runtime-status] [15104] Resolved module firebase-functions {"declared":true,"installed":true,"version":"3.22.0","resolution":"C:\\Users\\AMIR\\Desktop\\clone\\amazon-challenge\\functions\\node_modules\\firebase-functions\\lib\\index.js"} {"metadata":{"emulator":{"name":"functions"},"function":{"name":"us-central1-api"},"extension":{},"message":"[runtime-status] [15104] Resolved module firebase-functions {\"declared\":true,\"installed\":true,\"version\":\"3.22.0\",\"resolution\":\"C:\\\\Users\\\\AMIR\\\\Desktop\\\\clone\\\\amazon-challenge\\\\functions\\\\node_modules\\\\firebase-functions\\\\lib\\\\index.js\"}"}}
[debug] [2022-08-08T08:00:26.350Z] [runtime-status] [15104] Outgoing network have been stubbed. [{"name":"http","status":"mocked"},{"name":"http","status":"mocked"},{"name":"https","status":"mocked"},{"name":"https","status":"mocked"},{"name":"net","status":"mocked"}] {"metadata":{"emulator":{"name":"functions"},"function":{"name":"us-central1-api"},"extension":{},"message":"[runtime-status] [15104] Outgoing network have been stubbed. [{\"name\":\"http\",\"status\":\"mocked\"},{\"name\":\"http\",\"status\":\"mocked\"},{\"name\":\"https\",\"status\":\"mocked\"},{\"name\":\"https\",\"status\":\"mocked\"},{\"name\":\"net\",\"status\":\"mocked\"}]"}}
[debug] [2022-08-08T08:00:26.360Z] [runtime-status] [15104] Resolved module firebase-functions {"declared":true,"installed":true,"version":"3.22.0","resolution":"C:\\Users\\AMIR\\Desktop\\clone\\amazon-challenge\\functions\\node_modules\\firebase-functions\\lib\\index.js"} {"metadata":{"emulator":{"name":"functions"},"function":{"name":"us-central1-api"},"extension":{},"message":"[runtime-status] [15104] Resolved module firebase-functions {\"declared\":true,\"installed\":true,\"version\":\"3.22.0\",\"resolution\":\"C:\\\\Users\\\\AMIR\\\\Desktop\\\\clone\\\\amazon-challenge\\\\functions\\\\node_modules\\\\firebase-functions\\\\lib\\\\index.js\"}"}}
[debug] [2022-08-08T08:00:26.769Z] [runtime-status] [15104] Checked functions.config() {"config":{}} {"metadata":{"emulator":{"name":"functions"},"function":{"name":"us-central1-api"},"extension":{},"message":"[runtime-status] [15104] Checked functions.config() {\"config\":{}}"}}
[debug] [2022-08-08T08:00:26.772Z] [runtime-status] [15104] firebase-functions has been stubbed. {"functionsResolution":{"declared":true,"installed":true,"version":"3.22.0","resolution":"C:\\Users\\AMIR\\Desktop\\clone\\amazon-challenge\\functions\\node_modules\\firebase-functions\\lib\\index.js"}} {"metadata":{"emulator":{"name":"functions"},"function":{"name":"us-central1-api"},"extension":{},"message":"[runtime-status] [15104] firebase-functions has been stubbed. {\"functionsResolution\":{\"declared\":true,\"installed\":true,\"version\":\"3.22.0\",\"resolution\":\"C:\\\\Users\\\\AMIR\\\\Desktop\\\\clone\\\\amazon-challenge\\\\functions\\\\node_modules\\\\firebase-functions\\\\lib\\\\index.js\"}}"}}
[debug] [2022-08-08T08:00:26.777Z] [runtime-status] [15104] Resolved module firebase-functions {"declared":true,"installed":true,"version":"3.22.0","resolution":"C:\\Users\\AMIR\\Desktop\\clone\\amazon-challenge\\functions\\node_modules\\firebase-functions\\lib\\index.js"} {"metadata":{"emulator":{"name":"functions"},"function":{"name":"us-central1-api"},"extension":{},"message":"[runtime-status] [15104] Resolved module firebase-functions {\"declared\":true,\"installed\":true,\"version\":\"3.22.0\",\"resolution\":\"C:\\\\Users\\\\AMIR\\\\Desktop\\\\clone\\\\amazon-challenge\\\\functions\\\\node_modules\\\\firebase-functions\\\\lib\\\\index.js\"}"}}
[debug] [2022-08-08T08:00:26.794Z] [runtime-status] [15104] Resolved module firebase-admin {"declared":true,"installed":true,"version":"10.3.0","resolution":"C:\\Users\\AMIR\\Desktop\\clone\\amazon-challenge\\functions\\node_modules\\firebase-admin\\lib\\index.js"} {"metadata":{"emulator":{"name":"functions"},"function":{"name":"us-central1-api"},"extension":{},"message":"[runtime-status] [15104] Resolved module firebase-admin {\"declared\":true,\"installed\":true,\"version\":\"10.3.0\",\"resolution\":\"C:\\\\Users\\\\AMIR\\\\Desktop\\\\clone\\\\amazon-challenge\\\\functions\\\\node_modules\\\\firebase-admin\\\\lib\\\\index.js\"}"}}
[debug] [2022-08-08T08:00:26.804Z] [runtime-status] [15104] Resolved module firebase-functions {"declared":true,"installed":true,"version":"3.22.0","resolution":"C:\\Users\\AMIR\\Desktop\\clone\\amazon-challenge\\functions\\node_modules\\firebase-functions\\lib\\index.js"} {"metadata":{"emulator":{"name":"functions"},"function":{"name":"us-central1-api"},"extension":{},"message":"[runtime-status] [15104] Resolved module firebase-functions {\"declared\":true,\"installed\":true,\"version\":\"3.22.0\",\"resolution\":\"C:\\\\Users\\\\AMIR\\\\Desktop\\\\clone\\\\amazon-challenge\\\\functions\\\\node_modules\\\\firebase-functions\\\\lib\\\\index.js\"}"}}
[debug] [2022-08-08T08:00:26.805Z] [runtime-status] [15104] firebase-admin has been stubbed. {"adminResolution":{"declared":true,"installed":true,"version":"10.3.0","resolution":"C:\\Users\\AMIR\\Desktop\\clone\\amazon-challenge\\functions\\node_modules\\firebase-admin\\lib\\index.js"}} {"metadata":{"emulator":{"name":"functions"},"function":{"name":"us-central1-api"},"extension":{},"message":"[runtime-status] [15104] firebase-admin has been stubbed. {\"adminResolution\":{\"declared\":true,\"installed\":true,\"version\":\"10.3.0\",\"resolution\":\"C:\\\\Users\\\\AMIR\\\\Desktop\\\\clone\\\\amazon-challenge\\\\functions\\\\node_modules\\\\firebase-admin\\\\lib\\\\index.js\"}}"}}
[debug] [2022-08-08T08:00:26.805Z] [runtime-status] [15104] Functions runtime initialized. {"cwd":"C:\\Users\\AMIR\\Desktop\\clone\\amazon-challenge\\functions","node_version":"16.15.1"} {"metadata":{"emulator":{"name":"functions"},"function":{"name":"us-central1-api"},"extension":{},"message":"[runtime-status] [15104] Functions runtime initialized. {\"cwd\":\"C:\\\\Users\\\\AMIR\\\\Desktop\\\\clone\\\\amazon-challenge\\\\functions\",\"node_version\":\"16.15.1\"}"}}
[debug] [2022-08-08T08:00:29.564Z] [runtime-status] [15104] Beginning invocation function api! {"metadata":{"emulator":{"name":"functions"},"function":{"name":"us-central1-api"},"extension":{},"message":"[runtime-status] [15104] Beginning invocation function api!"}}
[info] i  functions: Beginning execution of "api" {"metadata":{"emulator":{"name":"functions"},"function":{"name":"us-central1-api"},"extension":{},"message":"Beginning execution of \"api\""}}
[debug] [2022-08-08T08:00:29.576Z] [runtime-status] [15104] Running api in signature http {"metadata":{"emulator":{"name":"functions"},"function":{"name":"us-central1-api"},"extension":{},"message":"[runtime-status] [15104] Running api in signature http"}}
[debug] [2022-08-08T08:00:29.631Z] [runtime-status] [15104] Listening to port: \\?\pipe\fire_emu_f4ec3d4e982630eb {"metadata":{"emulator":{"name":"functions"},"function":{"name":"us-central1-api"},"extension":{},"message":"[runtime-status] [15104] Listening to port: \\\\?\\pipe\\fire_emu_f4ec3d4e982630eb"}}
[warn] !  functions: Your function timed out after ~60s. To configure this timeout, see
      https://firebase.google.com/docs/functions/manage-functions#set_timeout_and_memory_allocation. {"metadata":{"emulator":{"name":"functions"},"function":{"name":"us-central1-api"},"extension":{},"message":"Your function timed out after ~60s. To configure this timeout, see\n      https://firebase.google.com/docs/functions/manage-functions#set_timeout_and_memory_allocation."}}
[info] >  C:\Users\AMIR\AppData\Roaming\npm\node_modules\firebase-tools\lib\emulator\functionsEmulatorRuntime.js:635 {"user":"C:\\Users\\AMIR\\AppData\\Roaming\\npm\\node_modules\\firebase-tools\\lib\\emulator\\functionsEmulatorRuntime.js:635\r","metadata":{"emulator":{"name":"functions"},"function":{"name":"us-central1-api"},"extension":{},"message":"\u001b[90m> \u001b[39m C:\\Users\\AMIR\\AppData\\Roaming\\npm\\node_modules\\firebase-tools\\lib\\emulator\\functionsEmulatorRuntime.js:635\r"}}
[info] >              throw new Error("Function timed out."); {"user":"            throw new Error(\"Function timed out.\");\r","metadata":{"emulator":{"name":"functions"},"function":{"name":"us-central1-api"},"extension":{},"message":"\u001b[90m> \u001b[39m             throw new Error(\"Function timed out.\");\r"}}
[info] >              ^ {"user":"            ^\r","metadata":{"emulator":{"name":"functions"},"function":{"name":"us-central1-api"},"extension":{},"message":"\u001b[90m> \u001b[39m             ^\r"}}
[info] >   {"user":"\r","metadata":{"emulator":{"name":"functions"},"function":{"name":"us-central1-api"},"extension":{},"message":"\u001b[90m> \u001b[39m \r"}}
[info] >  Error: Function timed out. {"user":"Error: Function timed out.\r","metadata":{"emulator":{"name":"functions"},"function":{"name":"us-central1-api"},"extension":{},"message":"\u001b[90m> \u001b[39m Error: Function timed out.\r"}}
[info] >      at Timeout._onTimeout (C:\Users\AMIR\AppData\Roaming\npm\node_modules\firebase-tools\lib\emulator\functionsEmulatorRuntime.js:635:19) {"user":"    at Timeout._onTimeout (C:\\Users\\AMIR\\AppData\\Roaming\\npm\\node_modules\\firebase-tools\\lib\\emulator\\functionsEmulatorRuntime.js:635:19)\r","metadata":{"emulator":{"name":"functions"},"function":{"name":"us-central1-api"},"extension":{},"message":"\u001b[90m> \u001b[39m     at Timeout._onTimeout (C:\\Users\\AMIR\\AppData\\Roaming\\npm\\node_modules\\firebase-tools\\lib\\emulator\\functionsEmulatorRuntime.js:635:19)\r"}}
[info] >      at listOnTimeout (node:internal/timers:559:17) {"user":"    at listOnTimeout (node:internal/timers:559:17)\r","metadata":{"emulator":{"name":"functions"},"function":{"name":"us-central1-api"},"extension":{},"message":"\u001b[90m> \u001b[39m     at listOnTimeout (node:internal/timers:559:17)\r"}}
[info] >      at processTimers (node:internal/timers:502:7) {"user":"    at processTimers (node:internal/timers:502:7)\r","metadata":{"emulator":{"name":"functions"},"function":{"name":"us-central1-api"},"extension":{},"message":"\u001b[90m> \u001b[39m     at processTimers (node:internal/timers:502:7)\r"}}
[debug] [2022-08-08T08:01:29.655Z] [worker-us-central1-api-8777818b-0926-4a5f-9d9b-911e1aeab207]: exited {"metadata":{"emulator":{"name":"functions"},"message":"[worker-us-central1-api-8777818b-0926-4a5f-9d9b-911e1aeab207]: exited"}}
[debug] [2022-08-08T08:01:29.656Z] [worker-us-central1-api-8777818b-0926-4a5f-9d9b-911e1aeab207]: FINISHED {"metadata":{"emulator":{"name":"functions"},"message":"[worker-us-central1-api-8777818b-0926-4a5f-9d9b-911e1aeab207]: FINISHED"}}
